21:25:46 **** Incremental Build of configuration Debug for project tttt ****
make all 
Building file: ../test.c
Invoking: AVR Compiler
avr-gcc -Wall -g2 -gstabs -O0 -fpack-struct -fshort-enums -ffunction-sections -fdata-sections -std=gnu99 -funsigned-char -funsigned-bitfields -mmcu=atmega32 -DF_CPU=8000000UL -MMD -MP -MF"test.d" -MT"test.o" -c -o "test.o" "../test.c"
In file included from ../test.c:4:
c:/winavr-20100110/lib/gcc/../../avr/include/util/delay.h:90:3: warning: #warning "Compiler optimizations disabled; functions from <util/delay.h> won't work as designed"
Finished building: ../test.c
 
Building target: tttt.elf
Invoking: AVR C Linker
avr-gcc -Wl,-Map,tttt.map -mmcu=atmega32 -o "tttt.elf"  ./test.o   
Finished building target: tttt.elf
 
Invoking: AVR Create Extended Listing
avr-objdump -h -S tttt.elf  >"tttt.lss"
Finished building: tttt.lss
 
Create Flash image (ihex format)
avr-objcopy -R .eeprom -R .fuse -R .lock -R .signature -O ihex tttt.elf  "tttt.hex"
Finished building: tttt.hex
 
Invoking: Print Size
avr-size --format=avr --mcu=atmega32 tttt.elf
AVR Memory Usage
----------------
Device: atmega32

Program:    3812 bytes (11.6% Full)
(.text + .data + .bootloader)

Data:          8 bytes (0.4% Full)
(.data + .bss + .noinit)


Finished building: sizedummy
 

21:25:47 Build Finished. 0 errors, 1 warnings. (took 385ms)

